<?xml version="1.0" encoding="UTF-8"?>
<testsuite name="com.jojoldu.book.springboot.web.IndexControllerTest" tests="1" skipped="0" failures="0" errors="0" timestamp="2021-10-04T01:24:40" hostname="DESKTOP-ITTKE5F" time="0.186">
  <properties/>
  <testcase name="메인페이지_로딩()" classname="com.jojoldu.book.springboot.web.IndexControllerTest" time="0.186"/>
  <system-out><![CDATA[2021-10-04 10:24:38.668  INFO 36656 --- [    Test worker] .b.t.c.SpringBootTestContextBootstrapper : Neither @ContextConfiguration nor @ContextHierarchy found for test class [com.jojoldu.book.springboot.web.IndexControllerTest], using SpringBootContextLoader
2021-10-04 10:24:38.670  INFO 36656 --- [    Test worker] o.s.t.c.support.AbstractContextLoader    : Could not detect default resource locations for test class [com.jojoldu.book.springboot.web.IndexControllerTest]: no resource found for suffixes {-context.xml, Context.groovy}.
2021-10-04 10:24:38.670  INFO 36656 --- [    Test worker] t.c.s.AnnotationConfigContextLoaderUtils : Could not detect default configuration classes for test class [com.jojoldu.book.springboot.web.IndexControllerTest]: IndexControllerTest does not declare any static, non-private, non-final, nested classes annotated with @Configuration.
2021-10-04 10:24:38.672  INFO 36656 --- [    Test worker] .b.t.c.SpringBootTestContextBootstrapper : Found @SpringBootConfiguration com.jojoldu.book.springboot.Application for test class com.jojoldu.book.springboot.web.IndexControllerTest
2021-10-04 10:24:38.674  INFO 36656 --- [    Test worker] .b.t.c.SpringBootTestContextBootstrapper : Loaded default TestExecutionListener class names from location [META-INF/spring.factories]: [org.springframework.security.test.context.support.WithSecurityContextTestExecutionListener, org.springframework.security.test.context.support.ReactorContextTestExecutionListener, org.springframework.boot.test.autoconfigure.restdocs.RestDocsTestExecutionListener, org.springframework.boot.test.autoconfigure.web.client.MockRestServiceServerResetTestExecutionListener, org.springframework.boot.test.autoconfigure.web.servlet.MockMvcPrintOnlyOnFailureTestExecutionListener, org.springframework.boot.test.autoconfigure.web.servlet.WebDriverTestExecutionListener, org.springframework.boot.test.autoconfigure.webservices.client.MockWebServiceServerTestExecutionListener, org.springframework.boot.test.mock.mockito.MockitoTestExecutionListener, org.springframework.boot.test.mock.mockito.ResetMocksTestExecutionListener, org.springframework.test.context.web.ServletTestExecutionListener, org.springframework.test.context.support.DirtiesContextBeforeModesTestExecutionListener, org.springframework.test.context.support.DependencyInjectionTestExecutionListener, org.springframework.test.context.support.DirtiesContextTestExecutionListener, org.springframework.test.context.transaction.TransactionalTestExecutionListener, org.springframework.test.context.jdbc.SqlScriptsTestExecutionListener, org.springframework.test.context.event.EventPublishingTestExecutionListener]
2021-10-04 10:24:38.675  INFO 36656 --- [    Test worker] .b.t.c.SpringBootTestContextBootstrapper : Using TestExecutionListeners: [org.springframework.test.context.web.ServletTestExecutionListener@1ca030ee, org.springframework.test.context.support.DirtiesContextBeforeModesTestExecutionListener@2a35dcb4, org.springframework.boot.test.mock.mockito.MockitoTestExecutionListener@3dfe182a, org.springframework.boot.test.autoconfigure.SpringBootDependencyInjectionTestExecutionListener@6a9068af, org.springframework.test.context.support.DirtiesContextTestExecutionListener@77aa0253, org.springframework.test.context.transaction.TransactionalTestExecutionListener@737ea06e, org.springframework.test.context.jdbc.SqlScriptsTestExecutionListener@3e8cd963, org.springframework.security.test.context.support.WithSecurityContextTestExecutionListener@57b00b0d, org.springframework.test.context.event.EventPublishingTestExecutionListener@702f2332, org.springframework.security.test.context.support.ReactorContextTestExecutionListener@76d48089, org.springframework.boot.test.autoconfigure.restdocs.RestDocsTestExecutionListener@2e4b18f1, org.springframework.boot.test.autoconfigure.web.client.MockRestServiceServerResetTestExecutionListener@79749656, org.springframework.boot.test.autoconfigure.web.servlet.MockMvcPrintOnlyOnFailureTestExecutionListener@704b0cf9, org.springframework.boot.test.autoconfigure.web.servlet.WebDriverTestExecutionListener@22c90ab1, org.springframework.boot.test.autoconfigure.webservices.client.MockWebServiceServerTestExecutionListener@54330289, org.springframework.boot.test.mock.mockito.ResetMocksTestExecutionListener@9a8f87f]

  .   ____          _            __ _ _
 /\\ / ___'_ __ _ _(_)_ __  __ _ \ \ \ \
( ( )\___ | '_ | '_| | '_ \/ _` | \ \ \ \
 \\/  ___)| |_)| | | | | || (_| |  ) ) ) )
  '  |____| .__|_| |_|_| |_\__, | / / / /
 =========|_|==============|___/=/_/_/_/
 :: Spring Boot ::                (v2.4.1)

2021-10-04 10:24:38.714  INFO 36656 --- [    Test worker] c.j.b.s.web.IndexControllerTest          : Starting IndexControllerTest using Java 11.0.12 on DESKTOP-ITTKE5F with PID 36656 (started by sim2t in C:\Users\sim2t\Desktop\Programming\freelec-springboot2-webservice)
2021-10-04 10:24:38.715  INFO 36656 --- [    Test worker] c.j.b.s.web.IndexControllerTest          : No active profile set, falling back to default profiles: default
2021-10-04 10:24:38.996  INFO 36656 --- [    Test worker] .s.d.r.c.RepositoryConfigurationDelegate : Bootstrapping Spring Data JPA repositories in DEFAULT mode.
2021-10-04 10:24:39.038  INFO 36656 --- [    Test worker] .s.d.r.c.RepositoryConfigurationDelegate : Finished Spring Data repository scanning in 41 ms. Found 2 JPA repository interfaces.
2021-10-04 10:24:39.390  INFO 36656 --- [    Test worker] o.s.b.w.embedded.tomcat.TomcatWebServer  : Tomcat initialized with port(s): 0 (http)
2021-10-04 10:24:39.404  INFO 36656 --- [    Test worker] o.apache.catalina.core.StandardService   : Starting service [Tomcat]
2021-10-04 10:24:39.405  INFO 36656 --- [    Test worker] org.apache.catalina.core.StandardEngine  : Starting Servlet engine: [Apache Tomcat/9.0.41]
2021-10-04 10:24:39.577  INFO 36656 --- [    Test worker] o.a.c.c.C.[Tomcat].[localhost].[/]       : Initializing Spring embedded WebApplicationContext
2021-10-04 10:24:39.577  INFO 36656 --- [    Test worker] w.s.c.ServletWebServerApplicationContext : Root WebApplicationContext: initialization completed in 859 ms
2021-10-04 10:24:39.617  INFO 36656 --- [    Test worker] com.zaxxer.hikari.HikariDataSource       : HikariPool-2 - Starting...
2021-10-04 10:24:39.618  INFO 36656 --- [    Test worker] com.zaxxer.hikari.HikariDataSource       : HikariPool-2 - Start completed.
2021-10-04 10:24:39.618  INFO 36656 --- [    Test worker] o.s.b.a.h2.H2ConsoleAutoConfiguration    : H2 console available at '/h2-console'. Database available at 'jdbc:h2:mem:testdb'
2021-10-04 10:24:39.781  INFO 36656 --- [    Test worker] o.hibernate.jpa.internal.util.LogHelper  : HHH000204: Processing PersistenceUnitInfo [name: default]
2021-10-04 10:24:39.799  INFO 36656 --- [    Test worker] org.hibernate.dialect.Dialect            : HHH000400: Using dialect: org.hibernate.dialect.MySQL57Dialect
Hibernate: drop table if exists posts
Hibernate: drop table if exists user
Hibernate: create table posts (id bigint not null auto_increment, created_date datetime(6), modified_date datetime(6), author varchar(255), content TEXT not null, title varchar(500) not null, primary key (id)) engine=InnoDB
Hibernate: create table user (id bigint not null auto_increment, created_date datetime(6), modified_date datetime(6), email varchar(255) not null, name varchar(255) not null, picture varchar(255), role varchar(255) not null, primary key (id)) engine=InnoDB
2021-10-04 10:24:39.870  INFO 36656 --- [    Test worker] o.h.e.t.j.p.i.JtaPlatformInitiator       : HHH000490: Using JtaPlatform implementation: [org.hibernate.engine.transaction.jta.platform.internal.NoJtaPlatform]
2021-10-04 10:24:39.870  INFO 36656 --- [    Test worker] j.LocalContainerEntityManagerFactoryBean : Initialized JPA EntityManagerFactory for persistence unit 'default'
2021-10-04 10:24:40.155  WARN 36656 --- [    Test worker] JpaBaseConfiguration$JpaWebConfiguration : spring.jpa.open-in-view is enabled by default. Therefore, database queries may be performed during view rendering. Explicitly configure spring.jpa.open-in-view to disable this warning
2021-10-04 10:24:40.412  INFO 36656 --- [    Test worker] o.s.s.web.DefaultSecurityFilterChain     : Will secure any request with [org.springframework.security.web.context.request.async.WebAsyncManagerIntegrationFilter@56955e4b, org.springframework.security.web.context.SecurityContextPersistenceFilter@23aa4792, org.springframework.security.web.header.HeaderWriterFilter@bc3a6ab, org.springframework.security.web.authentication.logout.LogoutFilter@14119e7b, org.springframework.security.oauth2.client.web.OAuth2AuthorizationRequestRedirectFilter@24c5aa1c, org.springframework.security.oauth2.client.web.OAuth2LoginAuthenticationFilter@6627c0f4, org.springframework.security.web.authentication.ui.DefaultLoginPageGeneratingFilter@65595b3a, org.springframework.security.web.authentication.ui.DefaultLogoutPageGeneratingFilter@20cfd1c9, org.springframework.security.web.savedrequest.RequestCacheAwareFilter@1a434d9d, org.springframework.security.web.servletapi.SecurityContextHolderAwareRequestFilter@ca35680, org.springframework.security.web.authentication.AnonymousAuthenticationFilter@29d31a86, org.springframework.security.web.session.SessionManagementFilter@392a0721, org.springframework.security.web.access.ExceptionTranslationFilter@32a17e24, org.springframework.security.web.access.intercept.FilterSecurityInterceptor@49a7e179]
2021-10-04 10:24:40.542  INFO 36656 --- [    Test worker] o.s.s.concurrent.ThreadPoolTaskExecutor  : Initializing ExecutorService 'applicationTaskExecutor'
2021-10-04 10:24:40.584  INFO 36656 --- [    Test worker] o.s.b.a.w.s.WelcomePageHandlerMapping    : Adding welcome page template: index
2021-10-04 10:24:40.846  INFO 36656 --- [    Test worker] o.s.b.w.embedded.tomcat.TomcatWebServer  : Tomcat started on port(s): 9949 (http) with context path ''
2021-10-04 10:24:40.848  INFO 36656 --- [    Test worker] s.a.ScheduledAnnotationBeanPostProcessor : No TaskScheduler/ScheduledExecutorService bean found for scheduled processing
2021-10-04 10:24:40.849  INFO 36656 --- [    Test worker] c.j.b.s.web.IndexControllerTest          : Started IndexControllerTest in 2.17 seconds (JVM running for 12.392)
2021-10-04 10:24:40.953  INFO 36656 --- [o-auto-1-exec-1] o.a.c.c.C.[Tomcat].[localhost].[/]       : Initializing Spring DispatcherServlet 'dispatcherServlet'
2021-10-04 10:24:40.954  INFO 36656 --- [o-auto-1-exec-1] o.s.web.servlet.DispatcherServlet        : Initializing Servlet 'dispatcherServlet'
2021-10-04 10:24:40.955  INFO 36656 --- [o-auto-1-exec-1] o.s.web.servlet.DispatcherServlet        : Completed initialization in 1 ms
Hibernate: select posts0_.id as id1_0_, posts0_.created_date as created_2_0_, posts0_.modified_date as modified3_0_, posts0_.author as author4_0_, posts0_.content as content5_0_, posts0_.title as title6_0_ from posts posts0_ order by posts0_.id DESC
]]></system-out>
  <system-err><![CDATA[]]></system-err>
</testsuite>
