<?xml version="1.0" encoding="UTF-8"?>
<testsuite name="com.jojoldu.book.springboot.web.HelloControllerTest" tests="2" skipped="0" failures="0" errors="0" timestamp="2021-10-04T01:24:38" hostname="DESKTOP-ITTKE5F" time="0.183">
  <properties/>
  <testcase name="hello가_리턴된다()" classname="com.jojoldu.book.springboot.web.HelloControllerTest" time="0.083"/>
  <testcase name="helloDto가_리턴된다()" classname="com.jojoldu.book.springboot.web.HelloControllerTest" time="0.099"/>
  <system-out><![CDATA[2021-10-04 10:24:37.417  INFO 36656 --- [    Test worker] .b.t.a.w.s.WebMvcTestContextBootstrapper : Neither @ContextConfiguration nor @ContextHierarchy found for test class [com.jojoldu.book.springboot.web.HelloControllerTest], using SpringBootContextLoader
2021-10-04 10:24:37.419  INFO 36656 --- [    Test worker] o.s.t.c.support.AbstractContextLoader    : Could not detect default resource locations for test class [com.jojoldu.book.springboot.web.HelloControllerTest]: no resource found for suffixes {-context.xml, Context.groovy}.
2021-10-04 10:24:37.419  INFO 36656 --- [    Test worker] t.c.s.AnnotationConfigContextLoaderUtils : Could not detect default configuration classes for test class [com.jojoldu.book.springboot.web.HelloControllerTest]: HelloControllerTest does not declare any static, non-private, non-final, nested classes annotated with @Configuration.
2021-10-04 10:24:37.444  INFO 36656 --- [    Test worker] .b.t.c.SpringBootTestContextBootstrapper : Found @SpringBootConfiguration com.jojoldu.book.springboot.Application for test class com.jojoldu.book.springboot.web.HelloControllerTest
2021-10-04 10:24:37.445  INFO 36656 --- [    Test worker] .b.t.a.w.s.WebMvcTestContextBootstrapper : Loaded default TestExecutionListener class names from location [META-INF/spring.factories]: [org.springframework.security.test.context.support.WithSecurityContextTestExecutionListener, org.springframework.security.test.context.support.ReactorContextTestExecutionListener, org.springframework.boot.test.autoconfigure.restdocs.RestDocsTestExecutionListener, org.springframework.boot.test.autoconfigure.web.client.MockRestServiceServerResetTestExecutionListener, org.springframework.boot.test.autoconfigure.web.servlet.MockMvcPrintOnlyOnFailureTestExecutionListener, org.springframework.boot.test.autoconfigure.web.servlet.WebDriverTestExecutionListener, org.springframework.boot.test.autoconfigure.webservices.client.MockWebServiceServerTestExecutionListener, org.springframework.boot.test.mock.mockito.MockitoTestExecutionListener, org.springframework.boot.test.mock.mockito.ResetMocksTestExecutionListener, org.springframework.test.context.web.ServletTestExecutionListener, org.springframework.test.context.support.DirtiesContextBeforeModesTestExecutionListener, org.springframework.test.context.support.DependencyInjectionTestExecutionListener, org.springframework.test.context.support.DirtiesContextTestExecutionListener, org.springframework.test.context.transaction.TransactionalTestExecutionListener, org.springframework.test.context.jdbc.SqlScriptsTestExecutionListener, org.springframework.test.context.event.EventPublishingTestExecutionListener]
2021-10-04 10:24:37.446  INFO 36656 --- [    Test worker] .b.t.a.w.s.WebMvcTestContextBootstrapper : Using TestExecutionListeners: [org.springframework.test.context.web.ServletTestExecutionListener@4b2b4d99, org.springframework.test.context.support.DirtiesContextBeforeModesTestExecutionListener@6e5829e, org.springframework.boot.test.mock.mockito.MockitoTestExecutionListener@39108e15, org.springframework.boot.test.autoconfigure.SpringBootDependencyInjectionTestExecutionListener@bdb43d8, org.springframework.test.context.support.DirtiesContextTestExecutionListener@1a0d90bf, org.springframework.test.context.transaction.TransactionalTestExecutionListener@30d61012, org.springframework.test.context.jdbc.SqlScriptsTestExecutionListener@d0b503b, org.springframework.security.test.context.support.WithSecurityContextTestExecutionListener@5c9f07c1, org.springframework.test.context.event.EventPublishingTestExecutionListener@2a61fc85, org.springframework.security.test.context.support.ReactorContextTestExecutionListener@2ab73f5b, org.springframework.boot.test.autoconfigure.restdocs.RestDocsTestExecutionListener@7dea38be, org.springframework.boot.test.autoconfigure.web.client.MockRestServiceServerResetTestExecutionListener@596f89cd, org.springframework.boot.test.autoconfigure.web.servlet.MockMvcPrintOnlyOnFailureTestExecutionListener@7c4fc3b1, org.springframework.boot.test.autoconfigure.web.servlet.WebDriverTestExecutionListener@6f916684, org.springframework.boot.test.autoconfigure.webservices.client.MockWebServiceServerTestExecutionListener@43129c00, org.springframework.boot.test.mock.mockito.ResetMocksTestExecutionListener@6696544e]

  .   ____          _            __ _ _
 /\\ / ___'_ __ _ _(_)_ __  __ _ \ \ \ \
( ( )\___ | '_ | '_| | '_ \/ _` | \ \ \ \
 \\/  ___)| |_)| | | | | || (_| |  ) ) ) )
  '  |____| .__|_| |_|_| |_\__, | / / / /
 =========|_|==============|___/=/_/_/_/
 :: Spring Boot ::                (v2.4.1)

2021-10-04 10:24:37.479  INFO 36656 --- [    Test worker] c.j.b.s.web.HelloControllerTest          : Starting HelloControllerTest using Java 11.0.12 on DESKTOP-ITTKE5F with PID 36656 (started by sim2t in C:\Users\sim2t\Desktop\Programming\freelec-springboot2-webservice)
2021-10-04 10:24:37.480  INFO 36656 --- [    Test worker] c.j.b.s.web.HelloControllerTest          : No active profile set, falling back to default profiles: default
2021-10-04 10:24:37.905  INFO 36656 --- [    Test worker] o.s.s.concurrent.ThreadPoolTaskExecutor  : Initializing ExecutorService 'applicationTaskExecutor'
2021-10-04 10:24:37.947  INFO 36656 --- [    Test worker] o.s.b.a.w.s.WelcomePageHandlerMapping    : Adding welcome page template: index
2021-10-04 10:24:38.352  INFO 36656 --- [    Test worker] o.s.s.web.DefaultSecurityFilterChain     : Will secure any request with [org.springframework.security.web.context.request.async.WebAsyncManagerIntegrationFilter@163d9942, org.springframework.security.web.context.SecurityContextPersistenceFilter@489379c1, org.springframework.security.web.header.HeaderWriterFilter@3ed9f997, org.springframework.security.web.csrf.CsrfFilter@45215153, org.springframework.security.web.authentication.logout.LogoutFilter@6f9dc74, org.springframework.security.oauth2.client.web.OAuth2AuthorizationRequestRedirectFilter@3d0507a1, org.springframework.security.oauth2.client.web.OAuth2AuthorizationRequestRedirectFilter@66039fc5, org.springframework.security.oauth2.client.web.OAuth2LoginAuthenticationFilter@1b1c862a, org.springframework.security.web.authentication.ui.DefaultLoginPageGeneratingFilter@6ee0a46, org.springframework.security.web.authentication.ui.DefaultLogoutPageGeneratingFilter@551d9fb3, org.springframework.security.web.savedrequest.RequestCacheAwareFilter@551ab1bc, org.springframework.security.web.servletapi.SecurityContextHolderAwareRequestFilter@24feefc9, org.springframework.security.web.authentication.AnonymousAuthenticationFilter@7e74a65f, org.springframework.security.oauth2.client.web.OAuth2AuthorizationCodeGrantFilter@29c851b5, org.springframework.security.web.session.SessionManagementFilter@63f25145, org.springframework.security.web.access.ExceptionTranslationFilter@71bd853a, org.springframework.security.web.access.intercept.FilterSecurityInterceptor@1ebc0ec]
2021-10-04 10:24:38.461  INFO 36656 --- [    Test worker] o.s.b.t.m.w.SpringBootMockServletContext : Initializing Spring TestDispatcherServlet ''
2021-10-04 10:24:38.461  INFO 36656 --- [    Test worker] o.s.t.web.servlet.TestDispatcherServlet  : Initializing Servlet ''
2021-10-04 10:24:38.462  INFO 36656 --- [    Test worker] o.s.t.web.servlet.TestDispatcherServlet  : Completed initialization in 0 ms
2021-10-04 10:24:38.480  INFO 36656 --- [    Test worker] c.j.b.s.web.HelloControllerTest          : Started HelloControllerTest in 1.031 seconds (JVM running for 10.022)
]]></system-out>
  <system-err><![CDATA[]]></system-err>
</testsuite>
